<?xml version="1.0" encoding="utf-8"?><testsuites><testsuite name="pytest" errors="0" failures="0" skipped="0" tests="3" time="132.668" timestamp="2024-03-10T08:59:53.249789" hostname="DESKTOP-SGAI7MJ"><testcase classname="test_wordleCase_1.TestWordleCases" name="test_find_daily_answer" time="37.110" /><testcase classname="test_wordleCase_1.TestWordleCases" name="test_wordle_case_1[words0]" time="37.723" /><testcase classname="test_wordleCase_1.TestWordleCases" name="test_wordle_case_1[words1]" time="56.765" /></testsuite></testsuites>